<?xml version="1.0" encoding="UTF-8"?>
<!-- Generated by org.testng.reporters.JUnitReportReporter -->
<testsuite skipped="0" hostname="DESKTOP-S3RV3MH" name="testCaseWithKeywordFramework.TestCase2_Login" tests="1" failures="0" timestamp="18 Aug 2018 11:41:11 GMT" time="6.318" errors="0">
  <testcase name="login" time="6.318" classname="testCaseWithKeywordFramework.TestCase2_Login"/>
</testsuite> <!-- testCaseWithKeywordFramework.TestCase2_Login -->
