<?xml version="1.0" encoding="UTF-8"?>
<!-- Generated by org.testng.reporters.JUnitReportReporter -->
<testsuite skipped="0" hostname="DESKTOP-S3RV3MH" name="login.GitTest" tests="1" failures="0" timestamp="13 Jun 2018 18:12:27 GMT" time="45.991" errors="0">
  <testcase name="login" time="45.991" classname="login.GitTest"/>
</testsuite> <!-- login.GitTest -->
