<?xml version="1.0" encoding="UTF-8"?>
<!-- Generated by org.testng.reporters.JUnitReportReporter -->
<testsuite skipped="0" hostname="DESKTOP-S3RV3MH" name="testCaseWithKeywordFramework.TestCase1_Login" tests="1" failures="0" timestamp="25 Jul 2018 09:36:04 GMT" time="63.429" errors="0">
  <testcase name="Login" time="63.429" classname="testCaseWithKeywordFramework.TestCase1_Login"/>
</testsuite> <!-- testCaseWithKeywordFramework.TestCase1_Login -->
