<?xml version="1.0" encoding="UTF-8"?>
<!-- Generated by org.testng.reporters.JUnitReportReporter -->
<testsuite skipped="0" hostname="DESKTOP-S3RV3MH" name="login.Login_Validation" tests="1" failures="0" timestamp="08 Jun 2018 19:32:33 GMT" time="22.913" errors="0">
  <testcase name="userlogin" time="22.913" classname="login.Login_Validation"/>
</testsuite> <!-- login.Login_Validation -->
