<?xml version="1.0" encoding="UTF-8"?>
<!-- Generated by org.testng.reporters.JUnitReportReporter -->
<testsuite skipped="0" hostname="DESKTOP-S3RV3MH" name="lib.DynamicXML" tests="1" failures="0" timestamp="09 Aug 2018 09:44:10 GMT" time="24.061" errors="0">
  <testcase name="testRun" time="24.061" classname="lib.DynamicXML"/>
</testsuite> <!-- lib.DynamicXML -->
