<?xml version="1.0" encoding="UTF-8"?>
<!-- Generated by org.testng.reporters.JUnitReportReporter -->
<testsuite skipped="0" hostname="DESKTOP-S3RV3MH" name="testCaseWithKeywordFramework.TestCase3_Register" tests="1" failures="0" timestamp="14 Aug 2018 08:45:30 GMT" time="11.167" errors="0">
  <testcase name="register" time="11.167" classname="testCaseWithKeywordFramework.TestCase3_Register"/>
</testsuite> <!-- testCaseWithKeywordFramework.TestCase3_Register -->
