<?xml version="1.0" encoding="UTF-8"?>
<!-- Generated by org.testng.reporters.JUnitReportReporter -->
<testsuite skipped="0" hostname="DESKTOP-S3RV3MH" name="lib.Testing" tests="1" failures="0" timestamp="11 Apr 2018 09:32:53 GMT" time="0.008" errors="0">
  <testcase name="test" time="0.008" classname="lib.Testing"/>
</testsuite> <!-- lib.Testing -->
